#
# There is insufficient memory for the Java Runtime Environment to continue.
# Native memory allocation (malloc) failed to allocate 1048576 bytes. Error detail: AllocateHeap
# Possible reasons:
#   The system is out of physical RAM or swap space
#   This process is running with CompressedOops enabled, and the Java Heap may be blocking the growth of the native heap
# Possible solutions:
#   Reduce memory load on the system
#   Increase physical memory or swap space
#   Check if swap backing store is full
#   Decrease Java heap size (-Xmx/-Xms)
#   Decrease number of Java threads
#   Decrease Java thread stack sizes (-Xss)
#   Set larger code cache with -XX:ReservedCodeCacheSize=
#   JVM is running with Unscaled Compressed Oops mode in which the Java heap is
#     placed in the first 4GB address space. The Java Heap base address is the
#     maximum limit for the native heap growth. Please use -XX:HeapBaseMinAddress
#     to set the Java Heap base and to place the Java Heap above 4GB virtual address.
# This output file may be truncated or incomplete.
#
#  Out of Memory Error (allocation.cpp:44), pid=18436, tid=20004
#
# JRE version: OpenJDK Runtime Environment Temurin-21.0.8+9 (21.0.8+9) (build 21.0.8+9-LTS)
# Java VM: OpenJDK 64-Bit Server VM Temurin-21.0.8+9 (21.0.8+9-LTS, mixed mode, sharing, tiered, compressed oops, compressed class ptrs, parallel gc, windows-amd64)
# No core dump will be written. Minidumps are not enabled by default on client versions of Windows
#

---------------  S U M M A R Y ------------

Command Line: --add-modules=ALL-SYSTEM --add-opens=java.base/java.util=ALL-UNNAMED --add-opens=java.base/java.lang=ALL-UNNAMED --add-opens=java.base/sun.nio.fs=ALL-UNNAMED -Declipse.application=org.eclipse.jdt.ls.core.id1 -Dosgi.bundles.defaultStartLevel=4 -Declipse.product=org.eclipse.jdt.ls.core.product -Djava.import.generatesMetadataFilesAtProjectRoot=false -DDetectVMInstallationsJob.disabled=true -Dfile.encoding=utf8 -XX:+UseParallelGC -XX:GCTimeRatio=4 -XX:AdaptiveSizePolicyWeight=90 -Dsun.zip.disableMemoryMapping=true -Xmx2G -Xms100m -Xlog:disable -javaagent:c:\Users\PMYLS\.vscode\extensions\redhat.java-1.46.0-win32-x64\lombok\lombok-1.18.39-4050.jar -XX:+HeapDumpOnOutOfMemoryError -XX:HeapDumpPath=c:\Users\PMYLS\AppData\Roaming\Code\User\workspaceStorage\b868852f8d004232b4cfe3b3a1930667\redhat.java -Daether.dependencyCollector.impl=bf c:\Users\PMYLS\.vscode\extensions\redhat.java-1.46.0-win32-x64\server\plugins\org.eclipse.equinox.launcher_1.7.0.v20250519-0528.jar -configuration c:\Users\PMYLS\AppData\Roaming\Code\User\globalStorage\redhat.java\1.46.0\config_win -data c:\Users\PMYLS\AppData\Roaming\Code\User\workspaceStorage\b868852f8d004232b4cfe3b3a1930667\redhat.java\jdt_ws --pipe=\\.\pipe\lsp-f77d8da5cef1e703dad42b1773f78835-sock

Host: 12th Gen Intel(R) Core(TM) i5-1235U, 12 cores, 7G,  Windows 11 , 64 bit Build 26100 (10.0.26100.5074)
Time: Sat Oct 11 20:03:41 2025 Pakistan Standard Time elapsed time: 11564.354685 seconds (0d 3h 12m 44s)

---------------  T H R E A D  ---------------

Current thread (0x0000020d9621ac60):  JavaThread "Attach Listener" daemon [_thread_in_vm, id=20004, stack(0x00000061acb00000,0x00000061acc00000) (1024K)]

Stack: [0x00000061acb00000,0x00000061acc00000]
Native frames: (J=compiled Java code, j=interpreted, Vv=VM code, C=native code)
V  [jvm.dll+0x6d2449]
V  [jvm.dll+0x8ae341]
V  [jvm.dll+0x8b08be]
V  [jvm.dll+0x8b0fa3]
V  [jvm.dll+0x280c96]
V  [jvm.dll+0xc0347]
V  [jvm.dll+0x6d2cf9]
V  [jvm.dll+0x131116]
V  [jvm.dll+0x3f2d16]
V  [jvm.dll+0x857e6b]
V  [jvm.dll+0x6d0b0d]
C  [ucrtbase.dll+0x37b0]
C  [KERNEL32.DLL+0x2e8d7]
C  [ntdll.dll+0x8d9c]


---------------  P R O C E S S  ---------------

Threads class SMR info:
_java_thread_list=0x0000020df98e05c0, length=46, elements={
0x0000020d961745c0, 0x0000020d9611cb20, 0x0000020d9611e950, 0x0000020d96219d90,
0x0000020d9621ac60, 0x0000020d9621c670, 0x0000020d962210e0, 0x0000020d96223e70,
0x0000020d96226480, 0x0000020d961e31f0, 0x0000020def23de20, 0x0000020df478f590,
0x0000020df478fc20, 0x0000020df478db50, 0x0000020df478e1e0, 0x0000020df4ae6190,
0x0000020df4ae6820, 0x0000020df4ae6eb0, 0x0000020df4aea330, 0x0000020df4ae7bd0,
0x0000020df4aed120, 0x0000020df4aed7b0, 0x0000020df4aebd70, 0x0000020df4aec400,
0x0000020df4aeca90, 0x0000020df7aa3190, 0x0000020df7aa10c0, 0x0000020df7aa2470,
0x0000020df7aa3820, 0x0000020df7aa1750, 0x0000020df7aa1de0, 0x0000020df7aa5260,
0x0000020df7aa3eb0, 0x0000020df7aa58f0, 0x0000020df7aa5f80, 0x0000020df7aa4540,
0x0000020df7aa4bd0, 0x0000020df7aa7330, 0x0000020df7aa6ca0, 0x0000020df468a1a0,
0x0000020df4689480, 0x0000020df4688df0, 0x0000020df468a830, 0x0000020df468d620,
0x0000020df4ae9610, 0x0000020df7aa6610
}

Java Threads: ( => current thread )
  0x0000020d961745c0 JavaThread "main"                              [_thread_blocked, id=8272, stack(0x00000061ac400000,0x00000061ac500000) (1024K)]
  0x0000020d9611cb20 JavaThread "Reference Handler"          daemon [_thread_blocked, id=3944, stack(0x00000061ac800000,0x00000061ac900000) (1024K)]
  0x0000020d9611e950 JavaThread "Finalizer"                  daemon [_thread_blocked, id=17520, stack(0x00000061ac900000,0x00000061aca00000) (1024K)]
  0x0000020d96219d90 JavaThread "Signal Dispatcher"          daemon [_thread_blocked, id=20632, stack(0x00000061aca00000,0x00000061acb00000) (1024K)]
=>0x0000020d9621ac60 JavaThread "Attach Listener"            daemon [_thread_in_vm, id=20004, stack(0x00000061acb00000,0x00000061acc00000) (1024K)]
  0x0000020d9621c670 JavaThread "Service Thread"             daemon [_thread_blocked, id=23924, stack(0x00000061acc00000,0x00000061acd00000) (1024K)]
  0x0000020d962210e0 JavaThread "Monitor Deflation Thread"   daemon [_thread_blocked, id=24544, stack(0x00000061acd00000,0x00000061ace00000) (1024K)]
  0x0000020d96223e70 JavaThread "C2 CompilerThread0"         daemon [_thread_blocked, id=17220, stack(0x00000061ace00000,0x00000061acf00000) (1024K)]
  0x0000020d96226480 JavaThread "C1 CompilerThread0"         daemon [_thread_blocked, id=3656, stack(0x00000061acf00000,0x00000061ad000000) (1024K)]
  0x0000020d961e31f0 JavaThread "Common-Cleaner"             daemon [_thread_blocked, id=15152, stack(0x00000061ad000000,0x00000061ad100000) (1024K)]
  0x0000020def23de20 JavaThread "Notification Thread"        daemon [_thread_blocked, id=21304, stack(0x00000061ad200000,0x00000061ad300000) (1024K)]
  0x0000020df478f590 JavaThread "Active Thread: Equinox Container: 342f1bac-588f-46ac-83f0-7cb9dae93486"        [_thread_blocked, id=17684, stack(0x00000061ade00000,0x00000061adf00000) (1024K)]
  0x0000020df478fc20 JavaThread "Framework Event Dispatcher: Equinox Container: 342f1bac-588f-46ac-83f0-7cb9dae93486" daemon [_thread_blocked, id=17704, stack(0x00000061adf00000,0x00000061ae000000) (1024K)]
  0x0000020df478db50 JavaThread "Start Level: Equinox Container: 342f1bac-588f-46ac-83f0-7cb9dae93486" daemon [_thread_blocked, id=11864, stack(0x00000061ae000000,0x00000061ae100000) (1024K)]
  0x0000020df478e1e0 JavaThread "Refresh Thread: Equinox Container: 342f1bac-588f-46ac-83f0-7cb9dae93486" daemon [_thread_blocked, id=22556, stack(0x00000061ae300000,0x00000061ae400000) (1024K)]
  0x0000020df4ae6190 JavaThread "Bundle File Closer"         daemon [_thread_blocked, id=21644, stack(0x00000061aec00000,0x00000061aed00000) (1024K)]
  0x0000020df4ae6820 JavaThread "SCR Component Actor"        daemon [_thread_blocked, id=12304, stack(0x00000061aed00000,0x00000061aee00000) (1024K)]
  0x0000020df4ae6eb0 JavaThread "Worker-JM"                         [_thread_blocked, id=16960, stack(0x00000061aee00000,0x00000061aef00000) (1024K)]
  0x0000020df4aea330 JavaThread "Java indexing"              daemon [_thread_blocked, id=7400, stack(0x00000061af200000,0x00000061af300000) (1024K)]
  0x0000020df4ae7bd0 JavaThread "JNA Cleaner"                daemon [_thread_blocked, id=9368, stack(0x00000061af500000,0x00000061af600000) (1024K)]
  0x0000020df4aed120 JavaThread "Thread-1"                   daemon [_thread_in_native, id=14556, stack(0x00000061afb00000,0x00000061afc00000) (1024K)]
  0x0000020df4aed7b0 JavaThread "Thread-2"                   daemon [_thread_in_native, id=14480, stack(0x00000061afc00000,0x00000061afd00000) (1024K)]
  0x0000020df4aebd70 JavaThread "Thread-3"                   daemon [_thread_in_native, id=17676, stack(0x00000061afd00000,0x00000061afe00000) (1024K)]
  0x0000020df4aec400 JavaThread "Thread-4"                   daemon [_thread_in_native, id=12384, stack(0x00000061afe00000,0x00000061aff00000) (1024K)]
  0x0000020df4aeca90 JavaThread "Thread-5"                   daemon [_thread_in_native, id=20084, stack(0x00000061aff00000,0x00000061b0000000) (1024K)]
  0x0000020df7aa3190 JavaThread "Thread-6"                   daemon [_thread_in_native, id=20044, stack(0x00000061b0000000,0x00000061b0100000) (1024K)]
  0x0000020df7aa10c0 JavaThread "Thread-7"                   daemon [_thread_in_native, id=3064, stack(0x00000061b0100000,0x00000061b0200000) (1024K)]
  0x0000020df7aa2470 JavaThread "Thread-8"                   daemon [_thread_in_native, id=11848, stack(0x00000061b0200000,0x00000061b0300000) (1024K)]
  0x0000020df7aa3820 JavaThread "Thread-9"                   daemon [_thread_in_native, id=19604, stack(0x00000061b0300000,0x00000061b0400000) (1024K)]
  0x0000020df7aa1750 JavaThread "Thread-10"                  daemon [_thread_in_native, id=22664, stack(0x00000061b0400000,0x00000061b0500000) (1024K)]
  0x0000020df7aa1de0 JavaThread "Thread-11"                  daemon [_thread_in_native, id=18568, stack(0x00000061b0500000,0x00000061b0600000) (1024K)]
  0x0000020df7aa5260 JavaThread "Thread-12"                  daemon [_thread_in_native, id=19624, stack(0x00000061b0600000,0x00000061b0700000) (1024K)]
  0x0000020df7aa3eb0 JavaThread "Thread-13"                  daemon [_thread_in_native, id=8620, stack(0x00000061b0700000,0x00000061b0800000) (1024K)]
  0x0000020df7aa58f0 JavaThread "pool-2-thread-1"                   [_thread_blocked, id=13248, stack(0x00000061b0800000,0x00000061b0900000) (1024K)]
  0x0000020df7aa5f80 JavaThread "WorkspaceEventsHandler"            [_thread_blocked, id=18836, stack(0x00000061b0900000,0x00000061b0a00000) (1024K)]
  0x0000020df7aa4540 JavaThread "pool-1-thread-1"                   [_thread_blocked, id=9324, stack(0x00000061b0a00000,0x00000061b0b00000) (1024K)]
  0x0000020df7aa4bd0 JavaThread "Timer-0"                           [_thread_blocked, id=4360, stack(0x00000061b0c00000,0x00000061b0d00000) (1024K)]
  0x0000020df7aa7330 JavaThread "Timer-1"                           [_thread_blocked, id=18528, stack(0x00000061af100000,0x00000061af200000) (1024K)]
  0x0000020df7aa6ca0 JavaThread "Timer-2"                           [_thread_blocked, id=16528, stack(0x00000061b0d00000,0x00000061b0e00000) (1024K)]
  0x0000020df468a1a0 JavaThread "Timer-3"                           [_thread_blocked, id=12348, stack(0x00000061ae200000,0x00000061ae300000) (1024K)]
  0x0000020df4689480 JavaThread "Timer-4"                           [_thread_blocked, id=9192, stack(0x00000061b0e00000,0x00000061b0f00000) (1024K)]
  0x0000020df4688df0 JavaThread "Timer-5"                           [_thread_blocked, id=3184, stack(0x00000061ad100000,0x00000061ad200000) (1024K)]
  0x0000020df468a830 JavaThread "Timer-6"                           [_thread_blocked, id=19212, stack(0x00000061ad900000,0x00000061ada00000) (1024K)]
  0x0000020df468d620 JavaThread "Timer-7"                           [_thread_blocked, id=18400, stack(0x00000061ac100000,0x00000061ac200000) (1024K)]
  0x0000020df4ae9610 JavaThread "Worker-8"                          [_thread_blocked, id=19296, stack(0x00000061adb00000,0x00000061adc00000) (1024K)]
  0x0000020df7aa6610 JavaThread "Worker-12"                         [_thread_blocked, id=14200, stack(0x00000061ae600000,0x00000061ae700000) (1024K)]
Total: 46

Other Threads:
  0x0000020d961049d0 VMThread "VM Thread"                           [id=22684, stack(0x00000061ac700000,0x00000061ac800000) (1024K)]
  0x0000020d95ffcb20 WatcherThread "VM Periodic Task Thread"        [id=8528, stack(0x00000061ac600000,0x00000061ac700000) (1024K)]
  0x0000020d961925a0 WorkerThread "GC Thread#0"                     [id=24092, stack(0x00000061ac500000,0x00000061ac600000) (1024K)]
  0x0000020df4467240 WorkerThread "GC Thread#1"                     [id=18372, stack(0x00000061ad300000,0x00000061ad400000) (1024K)]
  0x0000020df47a90b0 WorkerThread "GC Thread#2"                     [id=12408, stack(0x00000061ad400000,0x00000061ad500000) (1024K)]
  0x0000020df47a9450 WorkerThread "GC Thread#3"                     [id=13620, stack(0x00000061ad500000,0x00000061ad600000) (1024K)]
  0x0000020df47a97f0 WorkerThread "GC Thread#4"                     [id=9456, stack(0x00000061ad600000,0x00000061ad700000) (1024K)]
  0x0000020df44f6730 WorkerThread "GC Thread#5"                     [id=17232, stack(0x00000061ad700000,0x00000061ad800000) (1024K)]
  0x0000020df44f6ad0 WorkerThread "GC Thread#6"                     [id=2940, stack(0x00000061ad800000,0x00000061ad900000) (1024K)]
  0x0000020df4813ee0 WorkerThread "GC Thread#7"                     [id=10640, stack(0x00000061ae100000,0x00000061ae200000) (1024K)]
  0x0000020df4812920 WorkerThread "GC Thread#8"                     [id=17948, stack(0x00000061aea00000,0x00000061aeb00000) (1024K)]
  0x0000020df4813060 WorkerThread "GC Thread#9"                     [id=18440, stack(0x00000061aeb00000,0x00000061aec00000) (1024K)]
Total: 12

Threads with active compile tasks:
Total: 0

VM state: not at safepoint (normal execution)

VM Mutex/Monitor currently owned by a thread: None

Heap address: 0x0000000080000000, size: 2048 MB, Compressed Oops mode: 32-bit

CDS archive(s) mapped at: [0x0000020dad000000-0x0000020dadba0000-0x0000020dadba0000), size 12189696, SharedBaseAddress: 0x0000020dad000000, ArchiveRelocationMode: 1.
Compressed class space mapped at: 0x0000020dae000000-0x0000020dee000000, reserved size: 1073741824
Narrow klass base: 0x0000020dad000000, Narrow klass shift: 0, Narrow klass range: 0x100000000

GC Precious Log:
 CardTable entry size: 512
 CPUs: 12 total, 12 available
 Memory: 7916M
 Large Page Support: Disabled
 NUMA Support: Disabled
 Compressed Oops: Enabled (32-bit)
 Alignments: Space 512K, Generation 512K, Heap 2M
 Heap Min Capacity: 100M
 Heap Initial Capacity: 100M
 Heap Max Capacity: 2G
 Pre-touch: Disabled
 Parallel Workers: 10

Heap:
 PSYoungGen      total 16384K, used 7301K [0x00000000d5580000, 0x00000000d6680000, 0x0000000100000000)
  eden space 14336K, 48% used [0x00000000d5580000,0x00000000d5c49578,0x00000000d6380000)
  from space 2048K, 17% used [0x00000000d6380000,0x00000000d63d8020,0x00000000d6580000)
  to   space 1024K, 0% used [0x00000000d6580000,0x00000000d6580000,0x00000000d6680000)
 ParOldGen       total 729600K, used 729432K [0x0000000080000000, 0x00000000ac880000, 0x00000000d5580000)
  object space 729600K, 99% used [0x0000000080000000,0x00000000ac856028,0x00000000ac880000)
 Metaspace       used 79419K, committed 81088K, reserved 1179648K
  class space    used 9715K, committed 10496K, reserved 1048576K

Card table byte_map: [0x0000020d95b10000,0x0000020d95f20000] _byte_map_base: 0x0000020d95710000

Marking Bits: (ParMarkBitMap*) 0x00007fff3790a340
 Begin Bits: [0x0000020da8610000, 0x0000020daa610000)
 End Bits:   [0x0000020daa610000, 0x0000020dac610000)

Polling page: 0x0000020d93f90000

Metaspace:

Usage:
  Non-class:     68.07 MB used.
      Class:      9.49 MB used.
       Both:     77.56 MB used.

Virtual space:
  Non-class space:      128.00 MB reserved,      68.94 MB ( 54%) committed,  2 nodes.
      Class space:        1.00 GB reserved,      10.25 MB (  1%) committed,  1 nodes.
             Both:        1.12 GB reserved,      79.19 MB (  7%) committed. 

Chunk freelists:
   Non-Class:  10.94 MB
       Class:  5.67 MB
        Both:  16.62 MB

MaxMetaspaceSize: unlimited
CompressedClassSpaceSize: 1.00 GB
Initial GC threshold: 21.00 MB
Current GC threshold: 130.62 MB
CDS: on
 - commit_granule_bytes: 65536.
 - commit_granule_words: 8192.
 - virtual_space_node_default_size: 8388608.
 - enlarge_chunks_in_place: 1.
 - use_allocation_guard: 0.


Internal statistics:

num_allocs_failed_limit: 13.
num_arena_births: 1558.
num_arena_deaths: 14.
num_vsnodes_births: 3.
num_vsnodes_deaths: 0.
num_space_committed: 1267.
num_space_uncommitted: 0.
num_chunks_returned_to_freelist: 27.
num_chunks_taken_from_freelist: 4982.
num_chunk_merges: 9.
num_chunk_splits: 3165.
num_chunks_enlarged: 1912.
num_inconsistent_stats: 0.

CodeHeap 'non-profiled nmethods': size=120000Kb used=14449Kb max_used=14449Kb free=105550Kb
 bounds [0x0000020da0e30000, 0x0000020da1c50000, 0x0000020da8360000]
CodeHeap 'profiled nmethods': size=120000Kb used=25991Kb max_used=26605Kb free=94008Kb
 bounds [0x0000020d99360000, 0x0000020d9ad70000, 0x0000020da0890000]
CodeHeap 'non-nmethods': size=5760Kb used=1472Kb max_used=1546Kb free=4287Kb
 bounds [0x0000020da0890000, 0x0000020da0b00000, 0x0000020da0e30000]
CodeCache: size=245760Kb, used=41912Kb, max_used=42600Kb, free=203845Kb
 total_blobs=13125, nmethods=12337, adapters=694, full_count=0
Compilation: enabled, stopped_count=0, restarted_count=0

Compilation events (20 events):
Event: 8770.533 Thread 0x0000020d96226480 13844       3       java.util.logging.Logger::demandLogger (36 bytes)
Event: 8770.542 Thread 0x0000020d96226480 nmethod 13844 0x0000020d99561810 code [0x0000020d99561aa0, 0x0000020d99562550]
Event: 8778.094 Thread 0x0000020d96226480 13845       3       java.util.stream.DistinctOps$1$2::accept (24 bytes)
Event: 8778.101 Thread 0x0000020d96226480 nmethod 13845 0x0000020d99dc6790 code [0x0000020d99dc6960, 0x0000020d99dc6c48]
Event: 8786.208 Thread 0x0000020d96223e70 13846       4       org.eclipse.core.internal.resources.Workspace::newResource (168 bytes)
Event: 8786.267 Thread 0x0000020d96223e70 nmethod 13846 0x0000020da1c49590 code [0x0000020da1c49800, 0x0000020da1c49fd0]
Event: 8795.207 Thread 0x0000020d96223e70 13847       4       java.io.File::getParentFile (41 bytes)
Event: 8795.253 Thread 0x0000020d96223e70 nmethod 13847 0x0000020da1c4a710 code [0x0000020da1c4a900, 0x0000020da1c4b058]
Event: 8957.321 Thread 0x0000020d96223e70 13848       4       java.util.concurrent.locks.AbstractQueuedSynchronizer$ConditionObject::canReacquire (38 bytes)
Event: 8957.325 Thread 0x0000020d96223e70 nmethod 13848 0x0000020da1c4b510 code [0x0000020da1c4b6a0, 0x0000020da1c4b780]
Event: 9243.050 Thread 0x0000020d96226480 13849       3       java.net.URI::decode (73 bytes)
Event: 9243.060 Thread 0x0000020d96226480 nmethod 13849 0x0000020d998e7010 code [0x0000020d998e71c0, 0x0000020d998e7470]
Event: 9557.516 Thread 0x0000020d96223e70 13850       4       java.util.concurrent.locks.AbstractQueuedSynchronizer$Node::getAndUnsetStatus (14 bytes)
Event: 9557.541 Thread 0x0000020d96223e70 nmethod 13850 0x0000020da1c4b890 code [0x0000020da1c4ba20, 0x0000020da1c4baf0]
Event: 10037.721 Thread 0x0000020d96223e70 13851       4       java.util.concurrent.ScheduledThreadPoolExecutor::canRunInCurrentRunState (61 bytes)
Event: 10037.754 Thread 0x0000020d96223e70 nmethod 13851 0x0000020da1c4bb90 code [0x0000020da1c4bd20, 0x0000020da1c4bde8]
Event: 10270.697 Thread 0x0000020d96223e70 13852       4       java.lang.ClassLoader::getBuiltinPlatformClassLoader (4 bytes)
Event: 10270.701 Thread 0x0000020d96223e70 nmethod 13852 0x0000020da1c4bf10 code [0x0000020da1c4c0a0, 0x0000020da1c4c110]
Event: 10330.700 Thread 0x0000020d96223e70 13853       4       java.lang.ClassLoader::getPlatformClassLoader (21 bytes)
Event: 10330.705 Thread 0x0000020d96223e70 nmethod 13853 0x0000020da1c4c210 code [0x0000020da1c4c3a0, 0x0000020da1c4c410]

GC Heap History (20 events):
Event: 113.599 GC heap before
{Heap before GC invocations=2014 (full 4):
 PSYoungGen      total 8192K, used 8175K [0x00000000d5580000, 0x00000000d6480000, 0x0000000100000000)
  eden space 4096K, 100% used [0x00000000d5580000,0x00000000d5980000,0x00000000d5980000)
  from space 4096K, 99% used [0x00000000d5980000,0x00000000d5d7bd08,0x00000000d5d80000)
  to   space 5120K, 0% used [0x00000000d5f80000,0x00000000d5f80000,0x00000000d6480000)
 ParOldGen       total 696832K, used 696685K [0x0000000080000000, 0x00000000aa880000, 0x00000000d5580000)
  object space 696832K, 99% used [0x0000000080000000,0x00000000aa85b520,0x00000000aa880000)
 Metaspace       used 78837K, committed 80384K, reserved 1179648K
  class space    used 9663K, committed 10368K, reserved 1048576K
}
Event: 113.610 GC heap after
{Heap after GC invocations=2014 (full 4):
 PSYoungGen      total 9728K, used 4224K [0x00000000d5580000, 0x00000000d6400000, 0x0000000100000000)
  eden space 5120K, 0% used [0x00000000d5580000,0x00000000d5580000,0x00000000d5a80000)
  from space 4608K, 91% used [0x00000000d5f80000,0x00000000d63a0000,0x00000000d6400000)
  to   space 4608K, 0% used [0x00000000d5b00000,0x00000000d5b00000,0x00000000d5f80000)
 ParOldGen       total 700928K, used 700788K [0x0000000080000000, 0x00000000aac80000, 0x00000000d5580000)
  object space 700928K, 99% used [0x0000000080000000,0x00000000aac5d228,0x00000000aac80000)
 Metaspace       used 78837K, committed 80384K, reserved 1179648K
  class space    used 9663K, committed 10368K, reserved 1048576K
}
Event: 113.636 GC heap before
{Heap before GC invocations=2015 (full 4):
 PSYoungGen      total 9728K, used 8688K [0x00000000d5580000, 0x00000000d6400000, 0x0000000100000000)
  eden space 5120K, 87% used [0x00000000d5580000,0x00000000d59dc3c0,0x00000000d5a80000)
  from space 4608K, 91% used [0x00000000d5f80000,0x00000000d63a0000,0x00000000d6400000)
  to   space 4608K, 0% used [0x00000000d5b00000,0x00000000d5b00000,0x00000000d5f80000)
 ParOldGen       total 700928K, used 700788K [0x0000000080000000, 0x00000000aac80000, 0x00000000d5580000)
  object space 700928K, 99% used [0x0000000080000000,0x00000000aac5d228,0x00000000aac80000)
 Metaspace       used 78837K, committed 80384K, reserved 1179648K
  class space    used 9663K, committed 10368K, reserved 1048576K
}
Event: 113.642 GC heap after
{Heap after GC invocations=2015 (full 4):
 PSYoungGen      total 8192K, used 2250K [0x00000000d5580000, 0x00000000d6180000, 0x0000000100000000)
  eden space 5632K, 0% used [0x00000000d5580000,0x00000000d5580000,0x00000000d5b00000)
  from space 2560K, 87% used [0x00000000d5b00000,0x00000000d5d32a30,0x00000000d5d80000)
  to   space 3072K, 0% used [0x00000000d5e80000,0x00000000d5e80000,0x00000000d6180000)
 ParOldGen       total 705024K, used 704940K [0x0000000080000000, 0x00000000ab080000, 0x00000000d5580000)
  object space 705024K, 99% used [0x0000000080000000,0x00000000ab06b228,0x00000000ab080000)
 Metaspace       used 78837K, committed 80384K, reserved 1179648K
  class space    used 9663K, committed 10368K, reserved 1048576K
}
Event: 113.786 GC heap before
{Heap before GC invocations=2016 (full 4):
 PSYoungGen      total 8192K, used 7882K [0x00000000d5580000, 0x00000000d6180000, 0x0000000100000000)
  eden space 5632K, 100% used [0x00000000d5580000,0x00000000d5b00000,0x00000000d5b00000)
  from space 2560K, 87% used [0x00000000d5b00000,0x00000000d5d32a30,0x00000000d5d80000)
  to   space 3072K, 0% used [0x00000000d5e80000,0x00000000d5e80000,0x00000000d6180000)
 ParOldGen       total 705024K, used 704940K [0x0000000080000000, 0x00000000ab080000, 0x00000000d5580000)
  object space 705024K, 99% used [0x0000000080000000,0x00000000ab06b228,0x00000000ab080000)
 Metaspace       used 78837K, committed 80384K, reserved 1179648K
  class space    used 9663K, committed 10368K, reserved 1048576K
}
Event: 113.791 GC heap after
{Heap after GC invocations=2016 (full 4):
 PSYoungGen      total 9728K, used 2282K [0x00000000d5580000, 0x00000000d6180000, 0x0000000100000000)
  eden space 6656K, 0% used [0x00000000d5580000,0x00000000d5580000,0x00000000d5c00000)
  from space 3072K, 74% used [0x00000000d5e80000,0x00000000d60bab90,0x00000000d6180000)
  to   space 2560K, 0% used [0x00000000d5c00000,0x00000000d5c00000,0x00000000d5e80000)
 ParOldGen       total 709120K, used 708712K [0x0000000080000000, 0x00000000ab480000, 0x00000000d5580000)
  object space 709120K, 99% used [0x0000000080000000,0x00000000ab41a3d0,0x00000000ab480000)
 Metaspace       used 78837K, committed 80384K, reserved 1179648K
  class space    used 9663K, committed 10368K, reserved 1048576K
}
Event: 113.819 GC heap before
{Heap before GC invocations=2017 (full 4):
 PSYoungGen      total 9728K, used 8938K [0x00000000d5580000, 0x00000000d6180000, 0x0000000100000000)
  eden space 6656K, 100% used [0x00000000d5580000,0x00000000d5c00000,0x00000000d5c00000)
  from space 3072K, 74% used [0x00000000d5e80000,0x00000000d60bab90,0x00000000d6180000)
  to   space 2560K, 0% used [0x00000000d5c00000,0x00000000d5c00000,0x00000000d5e80000)
 ParOldGen       total 709120K, used 708712K [0x0000000080000000, 0x00000000ab480000, 0x00000000d5580000)
  object space 709120K, 99% used [0x0000000080000000,0x00000000ab41a3d0,0x00000000ab480000)
 Metaspace       used 78837K, committed 80384K, reserved 1179648K
  class space    used 9663K, committed 10368K, reserved 1048576K
}
Event: 113.823 GC heap after
{Heap after GC invocations=2017 (full 4):
 PSYoungGen      total 9216K, used 2362K [0x00000000d5580000, 0x00000000d6280000, 0x0000000100000000)
  eden space 6656K, 0% used [0x00000000d5580000,0x00000000d5580000,0x00000000d5c00000)
  from space 2560K, 92% used [0x00000000d5c00000,0x00000000d5e4ea60,0x00000000d5e80000)
  to   space 2560K, 0% used [0x00000000d6000000,0x00000000d6000000,0x00000000d6280000)
 ParOldGen       total 710656K, used 710080K [0x0000000080000000, 0x00000000ab600000, 0x00000000d5580000)
  object space 710656K, 99% used [0x0000000080000000,0x00000000ab5703e0,0x00000000ab600000)
 Metaspace       used 78837K, committed 80384K, reserved 1179648K
  class space    used 9663K, committed 10368K, reserved 1048576K
}
Event: 113.856 GC heap before
{Heap before GC invocations=2018 (full 4):
 PSYoungGen      total 9216K, used 9017K [0x00000000d5580000, 0x00000000d6280000, 0x0000000100000000)
  eden space 6656K, 99% used [0x00000000d5580000,0x00000000d5bffb08,0x00000000d5c00000)
  from space 2560K, 92% used [0x00000000d5c00000,0x00000000d5e4ea60,0x00000000d5e80000)
  to   space 2560K, 0% used [0x00000000d6000000,0x00000000d6000000,0x00000000d6280000)
 ParOldGen       total 710656K, used 710088K [0x0000000080000000, 0x00000000ab600000, 0x00000000d5580000)
  object space 710656K, 99% used [0x0000000080000000,0x00000000ab5723f0,0x00000000ab600000)
 Metaspace       used 78891K, committed 80448K, reserved 1179648K
  class space    used 9675K, committed 10368K, reserved 1048576K
}
Event: 113.862 GC heap after
{Heap after GC invocations=2018 (full 4):
 PSYoungGen      total 10752K, used 2452K [0x00000000d5580000, 0x00000000d6280000, 0x0000000100000000)
  eden space 8192K, 0% used [0x00000000d5580000,0x00000000d5580000,0x00000000d5d80000)
  from space 2560K, 95% used [0x00000000d6000000,0x00000000d6265168,0x00000000d6280000)
  to   space 2560K, 0% used [0x00000000d5d80000,0x00000000d5d80000,0x00000000d6000000)
 ParOldGen       total 712192K, used 711970K [0x0000000080000000, 0x00000000ab780000, 0x00000000d5580000)
  object space 712192K, 99% used [0x0000000080000000,0x00000000ab748938,0x00000000ab780000)
 Metaspace       used 78891K, committed 80448K, reserved 1179648K
  class space    used 9675K, committed 10368K, reserved 1048576K
}
Event: 113.902 GC heap before
{Heap before GC invocations=2019 (full 4):
 PSYoungGen      total 10752K, used 10644K [0x00000000d5580000, 0x00000000d6280000, 0x0000000100000000)
  eden space 8192K, 100% used [0x00000000d5580000,0x00000000d5d80000,0x00000000d5d80000)
  from space 2560K, 95% used [0x00000000d6000000,0x00000000d6265168,0x00000000d6280000)
  to   space 2560K, 0% used [0x00000000d5d80000,0x00000000d5d80000,0x00000000d6000000)
 ParOldGen       total 712192K, used 711974K [0x0000000080000000, 0x00000000ab780000, 0x00000000d5580000)
  object space 712192K, 99% used [0x0000000080000000,0x00000000ab749b48,0x00000000ab780000)
 Metaspace       used 78995K, committed 80640K, reserved 1179648K
  class space    used 9686K, committed 10432K, reserved 1048576K
}
Event: 113.909 GC heap after
{Heap after GC invocations=2019 (full 4):
 PSYoungGen      total 10752K, used 2544K [0x00000000d5580000, 0x00000000d7280000, 0x0000000100000000)
  eden space 8192K, 0% used [0x00000000d5580000,0x00000000d5580000,0x00000000d5d80000)
  from space 2560K, 99% used [0x00000000d5d80000,0x00000000d5ffc158,0x00000000d6000000)
  to   space 9728K, 0% used [0x00000000d6900000,0x00000000d6900000,0x00000000d7280000)
 ParOldGen       total 718336K, used 718018K [0x0000000080000000, 0x00000000abd80000, 0x00000000d5580000)
  object space 718336K, 99% used [0x0000000080000000,0x00000000abd30a80,0x00000000abd80000)
 Metaspace       used 78995K, committed 80640K, reserved 1179648K
  class space    used 9686K, committed 10432K, reserved 1048576K
}
Event: 113.915 GC heap before
{Heap before GC invocations=2020 (full 4):
 PSYoungGen      total 10752K, used 10736K [0x00000000d5580000, 0x00000000d7280000, 0x0000000100000000)
  eden space 8192K, 100% used [0x00000000d5580000,0x00000000d5d80000,0x00000000d5d80000)
  from space 2560K, 99% used [0x00000000d5d80000,0x00000000d5ffc158,0x00000000d6000000)
  to   space 9728K, 0% used [0x00000000d6900000,0x00000000d6900000,0x00000000d7280000)
 ParOldGen       total 718336K, used 718018K [0x0000000080000000, 0x00000000abd80000, 0x00000000d5580000)
  object space 718336K, 99% used [0x0000000080000000,0x00000000abd30a80,0x00000000abd80000)
 Metaspace       used 79000K, committed 80640K, reserved 1179648K
  class space    used 9686K, committed 10432K, reserved 1048576K
}
Event: 113.923 GC heap after
{Heap after GC invocations=2020 (full 4):
 PSYoungGen      total 18432K, used 7886K [0x00000000d5580000, 0x00000000d7100000, 0x0000000100000000)
  eden space 10240K, 0% used [0x00000000d5580000,0x00000000d5580000,0x00000000d5f80000)
  from space 8192K, 96% used [0x00000000d6900000,0x00000000d70b3a60,0x00000000d7100000)
  to   space 8192K, 0% used [0x00000000d6100000,0x00000000d6100000,0x00000000d6900000)
 ParOldGen       total 720896K, used 720590K [0x0000000080000000, 0x00000000ac000000, 0x00000000d5580000)
  object space 720896K, 99% used [0x0000000080000000,0x00000000abfb3908,0x00000000ac000000)
 Metaspace       used 79000K, committed 80640K, reserved 1179648K
  class space    used 9686K, committed 10432K, reserved 1048576K
}
Event: 113.970 GC heap before
{Heap before GC invocations=2021 (full 4):
 PSYoungGen      total 18432K, used 18124K [0x00000000d5580000, 0x00000000d7100000, 0x0000000100000000)
  eden space 10240K, 99% used [0x00000000d5580000,0x00000000d5f7f998,0x00000000d5f80000)
  from space 8192K, 96% used [0x00000000d6900000,0x00000000d70b3a60,0x00000000d7100000)
  to   space 8192K, 0% used [0x00000000d6100000,0x00000000d6100000,0x00000000d6900000)
 ParOldGen       total 720896K, used 720590K [0x0000000080000000, 0x00000000ac000000, 0x00000000d5580000)
  object space 720896K, 99% used [0x0000000080000000,0x00000000abfb3908,0x00000000ac000000)
 Metaspace       used 79088K, committed 80704K, reserved 1179648K
  class space    used 9692K, committed 10432K, reserved 1048576K
}
Event: 113.976 GC heap after
{Heap after GC invocations=2021 (full 4):
 PSYoungGen      total 13824K, used 2041K [0x00000000d5580000, 0x00000000d6a80000, 0x0000000100000000)
  eden space 11776K, 0% used [0x00000000d5580000,0x00000000d5580000,0x00000000d6100000)
  from space 2048K, 99% used [0x00000000d6100000,0x00000000d62fe778,0x00000000d6300000)
  to   space 4608K, 0% used [0x00000000d6600000,0x00000000d6600000,0x00000000d6a80000)
 ParOldGen       total 727552K, used 727388K [0x0000000080000000, 0x00000000ac680000, 0x00000000d5580000)
  object space 727552K, 99% used [0x0000000080000000,0x00000000ac6572c8,0x00000000ac680000)
 Metaspace       used 79088K, committed 80704K, reserved 1179648K
  class space    used 9692K, committed 10432K, reserved 1048576K
}
Event: 114.109 GC heap before
{Heap before GC invocations=2022 (full 4):
 PSYoungGen      total 13824K, used 13755K [0x00000000d5580000, 0x00000000d6a80000, 0x0000000100000000)
  eden space 11776K, 99% used [0x00000000d5580000,0x00000000d60f05d0,0x00000000d6100000)
  from space 2048K, 99% used [0x00000000d6100000,0x00000000d62fe778,0x00000000d6300000)
  to   space 4608K, 0% used [0x00000000d6600000,0x00000000d6600000,0x00000000d6a80000)
 ParOldGen       total 727552K, used 727388K [0x0000000080000000, 0x00000000ac680000, 0x00000000d5580000)
  object space 727552K, 99% used [0x0000000080000000,0x00000000ac6572c8,0x00000000ac680000)
 Metaspace       used 79246K, committed 80896K, reserved 1179648K
  class space    used 9708K, committed 10432K, reserved 1048576K
}
Event: 114.113 GC heap after
{Heap after GC invocations=2022 (full 4):
 PSYoungGen      total 15872K, used 745K [0x00000000d5580000, 0x00000000d6780000, 0x0000000100000000)
  eden space 14336K, 0% used [0x00000000d5580000,0x00000000d5580000,0x00000000d6380000)
  from space 1536K, 48% used [0x00000000d6600000,0x00000000d66ba470,0x00000000d6780000)
  to   space 2048K, 0% used [0x00000000d6380000,0x00000000d6380000,0x00000000d6580000)
 ParOldGen       total 729600K, used 729280K [0x0000000080000000, 0x00000000ac880000, 0x00000000d5580000)
  object space 729600K, 99% used [0x0000000080000000,0x00000000ac830008,0x00000000ac880000)
 Metaspace       used 79246K, committed 80896K, reserved 1179648K
  class space    used 9708K, committed 10432K, reserved 1048576K
}
Event: 7747.582 GC heap before
{Heap before GC invocations=2023 (full 4):
 PSYoungGen      total 15872K, used 15081K [0x00000000d5580000, 0x00000000d6780000, 0x0000000100000000)
  eden space 14336K, 99% used [0x00000000d5580000,0x00000000d637fff0,0x00000000d6380000)
  from space 1536K, 48% used [0x00000000d6600000,0x00000000d66ba470,0x00000000d6780000)
  to   space 2048K, 0% used [0x00000000d6380000,0x00000000d6380000,0x00000000d6580000)
 ParOldGen       total 729600K, used 729280K [0x0000000080000000, 0x00000000ac880000, 0x00000000d5580000)
  object space 729600K, 99% used [0x0000000080000000,0x00000000ac830008,0x00000000ac880000)
 Metaspace       used 79398K, committed 81088K, reserved 1179648K
  class space    used 9715K, committed 10496K, reserved 1048576K
}
Event: 7748.367 GC heap after
{Heap after GC invocations=2023 (full 4):
 PSYoungGen      total 16384K, used 352K [0x00000000d5580000, 0x00000000d6680000, 0x0000000100000000)
  eden space 14336K, 0% used [0x00000000d5580000,0x00000000d5580000,0x00000000d6380000)
  from space 2048K, 17% used [0x00000000d6380000,0x00000000d63d8020,0x00000000d6580000)
  to   space 1024K, 0% used [0x00000000d6580000,0x00000000d6580000,0x00000000d6680000)
 ParOldGen       total 729600K, used 729432K [0x0000000080000000, 0x00000000ac880000, 0x00000000d5580000)
  object space 729600K, 99% used [0x0000000080000000,0x00000000ac856028,0x00000000ac880000)
 Metaspace       used 79398K, committed 81088K, reserved 1179648K
  class space    used 9715K, committed 10496K, reserved 1048576K
}

Dll operation events (15 events):
Event: 0.018 Loaded shared library c:\Users\PMYLS\.vscode\extensions\redhat.java-1.46.0-win32-x64\jre\21.0.8-win32-x86_64\bin\java.dll
Event: 0.166 Loaded shared library c:\Users\PMYLS\.vscode\extensions\redhat.java-1.46.0-win32-x64\jre\21.0.8-win32-x86_64\bin\zip.dll
Event: 0.196 Loaded shared library C:\Users\PMYLS\.vscode\extensions\redhat.java-1.46.0-win32-x64\jre\21.0.8-win32-x86_64\bin\instrument.dll
Event: 0.205 Loaded shared library C:\Users\PMYLS\.vscode\extensions\redhat.java-1.46.0-win32-x64\jre\21.0.8-win32-x86_64\bin\net.dll
Event: 0.210 Loaded shared library C:\Users\PMYLS\.vscode\extensions\redhat.java-1.46.0-win32-x64\jre\21.0.8-win32-x86_64\bin\nio.dll
Event: 0.216 Loaded shared library C:\Users\PMYLS\.vscode\extensions\redhat.java-1.46.0-win32-x64\jre\21.0.8-win32-x86_64\bin\zip.dll
Event: 0.251 Loaded shared library C:\Users\PMYLS\.vscode\extensions\redhat.java-1.46.0-win32-x64\jre\21.0.8-win32-x86_64\bin\jimage.dll
Event: 0.445 Loaded shared library c:\Users\PMYLS\.vscode\extensions\redhat.java-1.46.0-win32-x64\jre\21.0.8-win32-x86_64\bin\verify.dll
Event: 3.027 Loaded shared library C:\Users\PMYLS\AppData\Roaming\Code\User\globalStorage\redhat.java\1.46.0\config_win\org.eclipse.equinox.launcher\org.eclipse.equinox.launcher.win32.win32.x86_64_1.2.1400.v20250801-0854\eclipse_11916.dll
Event: 5.007 Loaded shared library C:\Users\PMYLS\.vscode\extensions\redhat.java-1.46.0-win32-x64\jre\21.0.8-win32-x86_64\bin\management.dll
Event: 5.010 Loaded shared library C:\Users\PMYLS\.vscode\extensions\redhat.java-1.46.0-win32-x64\jre\21.0.8-win32-x86_64\bin\management_ext.dll
Event: 7.062 Loaded shared library C:\Users\PMYLS\AppData\Local\Temp\jna-76263555\jna7449481010426735203.dll
Event: 7.650 Loaded shared library C:\Users\PMYLS\.vscode\extensions\redhat.java-1.46.0-win32-x64\jre\21.0.8-win32-x86_64\bin\sunmscapi.dll
Event: 7.855 Loaded shared library C:\Users\PMYLS\.vscode\extensions\redhat.java-1.46.0-win32-x64\jre\21.0.8-win32-x86_64\bin\extnet.dll
Event: 11.590 Loaded shared library C:\Users\PMYLS\.gradle\native\1def1411415f61bf3af743bc5b6707747c0891f09f0c88961ee8f79bc544acac\windows-amd64\native-platform.dll

Deoptimization events (20 events):
Event: 492.538 Thread 0x0000020df7aa5f80 DEOPT PACKING pc=0x0000020d9999a541 sp=0x00000061b09feda0
Event: 492.539 Thread 0x0000020df7aa5f80 DEOPT UNPACKING pc=0x0000020da08e4242 sp=0x00000061b09fe280 mode 0
Event: 1205.555 Thread 0x0000020df7aa6610 Uncommon trap: trap_request=0xffffff45 fr.pc=0x0000020da1c1e844 relative=0x00000000000032e4
Event: 1205.565 Thread 0x0000020df7aa6610 Uncommon trap: reason=unstable_if action=reinterpret pc=0x0000020da1c1e844 method=org.eclipse.core.internal.utils.StringPool.add(Ljava/lang/String;)Ljava/lang/String; @ 1 c2
Event: 1205.565 Thread 0x0000020df7aa6610 DEOPT PACKING pc=0x0000020da1c1e844 sp=0x00000061ae6ff350
Event: 1205.566 Thread 0x0000020df7aa6610 DEOPT UNPACKING pc=0x0000020da08e3aa2 sp=0x00000061ae6ff2d8 mode 2
Event: 4385.344 Thread 0x0000020df4688df0 DEOPT PACKING pc=0x0000020d994fde2b sp=0x00000061ad1ff180
Event: 4385.504 Thread 0x0000020df4688df0 DEOPT UNPACKING pc=0x0000020da08e4242 sp=0x00000061ad1fe668 mode 0
Event: 4684.193 Thread 0x0000020df468a830 DEOPT PACKING pc=0x0000020d994fde2b sp=0x00000061ad9fefe0
Event: 4684.197 Thread 0x0000020df468a830 DEOPT UNPACKING pc=0x0000020da08e4242 sp=0x00000061ad9fe4c8 mode 0
Event: 5085.135 Thread 0x0000020df4689480 DEOPT PACKING pc=0x0000020d994fde2b sp=0x00000061b0eff090
Event: 5085.137 Thread 0x0000020df4689480 DEOPT UNPACKING pc=0x0000020da08e4242 sp=0x00000061b0efe578 mode 0
Event: 5533.109 Thread 0x0000020df468a1a0 DEOPT PACKING pc=0x0000020d994fde2b sp=0x00000061ae2ff690
Event: 5533.113 Thread 0x0000020df468a1a0 DEOPT UNPACKING pc=0x0000020da08e4242 sp=0x00000061ae2feb78 mode 0
Event: 6194.337 Thread 0x0000020df7aa7330 DEOPT PACKING pc=0x0000020d994fde2b sp=0x00000061af1ff340
Event: 6194.340 Thread 0x0000020df7aa7330 DEOPT UNPACKING pc=0x0000020da08e4242 sp=0x00000061af1fe828 mode 0
Event: 7090.200 Thread 0x0000020df468d620 DEOPT PACKING pc=0x0000020d994fde2b sp=0x00000061ac1ff4e0
Event: 7090.203 Thread 0x0000020df468d620 DEOPT UNPACKING pc=0x0000020da08e4242 sp=0x00000061ac1fe9c8 mode 0
Event: 9010.362 Thread 0x0000020df7aa6ca0 DEOPT PACKING pc=0x0000020d994fde2b sp=0x00000061b0dff010
Event: 9010.364 Thread 0x0000020df7aa6ca0 DEOPT UNPACKING pc=0x0000020da08e4242 sp=0x00000061b0dfe4f8 mode 0

Classes loaded (20 events):
Event: 76.144 Loading class java/util/HashMap$EntrySpliterator
Event: 76.144 Loading class java/util/HashMap$EntrySpliterator done
Event: 78.904 Loading class java/util/stream/ReduceOps$5
Event: 78.905 Loading class java/util/stream/ReduceOps$5 done
Event: 78.905 Loading class java/util/stream/ReduceOps$CountingSink$OfRef
Event: 78.905 Loading class java/util/stream/ReduceOps$CountingSink
Event: 78.906 Loading class java/util/stream/ReduceOps$CountingSink done
Event: 78.906 Loading class java/util/stream/ReduceOps$CountingSink$OfRef done
Event: 79.195 Loading class java/util/stream/ReduceOps$1
Event: 79.195 Loading class java/util/stream/ReduceOps$1 done
Event: 79.195 Loading class java/util/stream/ReduceOps$1ReducingSink
Event: 79.195 Loading class java/util/stream/ReduceOps$1ReducingSink done
Event: 113.832 Loading class java/util/concurrent/CompletableFuture$UniApply
Event: 113.833 Loading class java/util/concurrent/CompletableFuture$UniCompletion
Event: 113.833 Loading class java/util/concurrent/CompletableFuture$UniCompletion done
Event: 113.833 Loading class java/util/concurrent/CompletableFuture$UniApply done
Event: 113.833 Loading class java/util/concurrent/CompletableFuture$UniAccept
Event: 113.833 Loading class java/util/concurrent/CompletableFuture$UniAccept done
Event: 113.833 Loading class java/util/concurrent/CompletableFuture$UniExceptionally
Event: 113.834 Loading class java/util/concurrent/CompletableFuture$UniExceptionally done

Classes unloaded (7 events):
Event: 5.996 Thread 0x0000020d961049d0 Unloading class 0x0000020dae1b4800 'java/lang/invoke/LambdaForm$MH+0x0000020dae1b4800'
Event: 5.996 Thread 0x0000020d961049d0 Unloading class 0x0000020dae1b4400 'java/lang/invoke/LambdaForm$MH+0x0000020dae1b4400'
Event: 5.996 Thread 0x0000020d961049d0 Unloading class 0x0000020dae1b4000 'java/lang/invoke/LambdaForm$MH+0x0000020dae1b4000'
Event: 5.996 Thread 0x0000020d961049d0 Unloading class 0x0000020dae1b3c00 'java/lang/invoke/LambdaForm$MH+0x0000020dae1b3c00'
Event: 5.996 Thread 0x0000020d961049d0 Unloading class 0x0000020dae1b3800 'java/lang/invoke/LambdaForm$BMH+0x0000020dae1b3800'
Event: 5.996 Thread 0x0000020d961049d0 Unloading class 0x0000020dae1b3400 'java/lang/invoke/LambdaForm$DMH+0x0000020dae1b3400'
Event: 5.996 Thread 0x0000020d961049d0 Unloading class 0x0000020dae1b2000 'java/lang/invoke/LambdaForm$DMH+0x0000020dae1b2000'

Classes redefined (0 events):
No events

Internal exceptions (20 events):
Event: 135.363 Thread 0x0000020df7aa4540 Exception <a 'java/lang/IncompatibleClassChangeError'{0x00000000d5be0a88}: Found class java.lang.Object, but interface was expected> (0x00000000d5be0a88) 
thrown [s\src\hotspot\share\interpreter\linkResolver.cpp, line 840]
Event: 372.467 Thread 0x0000020df4ae9610 Exception <a 'sun/nio/fs/WindowsException'{0x00000000d5c3c1a0}> (0x00000000d5c3c1a0) 
thrown [s\src\hotspot\share\prims\jni.cpp, line 520]
Event: 372.471 Thread 0x0000020df4ae9610 Exception <a 'sun/nio/fs/WindowsException'{0x00000000d5c3ccf0}> (0x00000000d5c3ccf0) 
thrown [s\src\hotspot\share\prims\jni.cpp, line 520]
Event: 372.478 Thread 0x0000020df4ae9610 Exception <a 'sun/nio/fs/WindowsException'{0x00000000d5c3e930}> (0x00000000d5c3e930) 
thrown [s\src\hotspot\share\prims\jni.cpp, line 520]
Event: 372.478 Thread 0x0000020df4ae9610 Exception <a 'sun/nio/fs/WindowsException'{0x00000000d5c3f698}> (0x00000000d5c3f698) 
thrown [s\src\hotspot\share\prims\jni.cpp, line 520]
Event: 372.479 Thread 0x0000020df4ae9610 Exception <a 'sun/nio/fs/WindowsException'{0x00000000d5c40fb8}> (0x00000000d5c40fb8) 
thrown [s\src\hotspot\share\prims\jni.cpp, line 520]
Event: 372.479 Thread 0x0000020df4ae9610 Exception <a 'sun/nio/fs/WindowsException'{0x00000000d5c41b20}> (0x00000000d5c41b20) 
thrown [s\src\hotspot\share\prims\jni.cpp, line 520]
Event: 372.535 Thread 0x0000020df4ae9610 Exception <a 'sun/nio/fs/WindowsException'{0x00000000d5c74018}> (0x00000000d5c74018) 
thrown [s\src\hotspot\share\prims\jni.cpp, line 520]
Event: 372.535 Thread 0x0000020df4ae9610 Exception <a 'sun/nio/fs/WindowsException'{0x00000000d5c74b50}> (0x00000000d5c74b50) 
thrown [s\src\hotspot\share\prims\jni.cpp, line 520]
Event: 372.536 Thread 0x0000020df4ae9610 Exception <a 'sun/nio/fs/WindowsException'{0x00000000d5c76540}> (0x00000000d5c76540) 
thrown [s\src\hotspot\share\prims\jni.cpp, line 520]
Event: 372.536 Thread 0x0000020df4ae9610 Exception <a 'sun/nio/fs/WindowsException'{0x00000000d5c770b8}> (0x00000000d5c770b8) 
thrown [s\src\hotspot\share\prims\jni.cpp, line 520]
Event: 372.537 Thread 0x0000020df4ae9610 Exception <a 'sun/nio/fs/WindowsException'{0x00000000d5c78ce8}> (0x00000000d5c78ce8) 
thrown [s\src\hotspot\share\prims\jni.cpp, line 520]
Event: 372.537 Thread 0x0000020df4ae9610 Exception <a 'sun/nio/fs/WindowsException'{0x00000000d5c79820}> (0x00000000d5c79820) 
thrown [s\src\hotspot\share\prims\jni.cpp, line 520]
Event: 372.537 Thread 0x0000020df4ae9610 Exception <a 'sun/nio/fs/WindowsException'{0x00000000d5c7b148}> (0x00000000d5c7b148) 
thrown [s\src\hotspot\share\prims\jni.cpp, line 520]
Event: 372.537 Thread 0x0000020df4ae9610 Exception <a 'sun/nio/fs/WindowsException'{0x00000000d5c7bc80}> (0x00000000d5c7bc80) 
thrown [s\src\hotspot\share\prims\jni.cpp, line 520]
Event: 372.538 Thread 0x0000020df4ae9610 Exception <a 'sun/nio/fs/WindowsException'{0x00000000d5c7f3d0}> (0x00000000d5c7f3d0) 
thrown [s\src\hotspot\share\prims\jni.cpp, line 520]
Event: 372.538 Thread 0x0000020df4ae9610 Exception <a 'sun/nio/fs/WindowsException'{0x00000000d5c7fef0}> (0x00000000d5c7fef0) 
thrown [s\src\hotspot\share\prims\jni.cpp, line 520]
Event: 372.538 Thread 0x0000020df4ae9610 Exception <a 'sun/nio/fs/WindowsException'{0x00000000d5c818d0}> (0x00000000d5c818d0) 
thrown [s\src\hotspot\share\prims\jni.cpp, line 520]
Event: 372.539 Thread 0x0000020df4ae9610 Exception <a 'sun/nio/fs/WindowsException'{0x00000000d5c823f8}> (0x00000000d5c823f8) 
thrown [s\src\hotspot\share\prims\jni.cpp, line 520]
Event: 1205.555 Thread 0x0000020df7aa6610 Implicit null exception at 0x0000020da1c1b5ae to 0x0000020da1c1e830

ZGC Phase Switch (0 events):
No events

VM Operations (20 events):
Event: 10760.301 Executing VM operation: HandshakeAllThreads (HandshakeForDeflation)
Event: 10760.304 Executing VM operation: HandshakeAllThreads (HandshakeForDeflation) done
Event: 10760.304 Executing VM operation: RendezvousGCThreads
Event: 10760.304 Executing VM operation: RendezvousGCThreads done
Event: 10940.890 Executing VM operation: HandshakeAllThreads (HandshakeForDeflation)
Event: 10940.890 Executing VM operation: HandshakeAllThreads (HandshakeForDeflation) done
Event: 10940.890 Executing VM operation: RendezvousGCThreads
Event: 10940.890 Executing VM operation: RendezvousGCThreads done
Event: 11121.344 Executing VM operation: HandshakeAllThreads (HandshakeForDeflation)
Event: 11121.344 Executing VM operation: HandshakeAllThreads (HandshakeForDeflation) done
Event: 11121.344 Executing VM operation: RendezvousGCThreads
Event: 11121.344 Executing VM operation: RendezvousGCThreads done
Event: 11422.376 Executing VM operation: HandshakeAllThreads (HandshakeForDeflation)
Event: 11422.376 Executing VM operation: HandshakeAllThreads (HandshakeForDeflation) done
Event: 11422.376 Executing VM operation: RendezvousGCThreads
Event: 11422.376 Executing VM operation: RendezvousGCThreads done
Event: 11482.626 Executing VM operation: HandshakeAllThreads (HandshakeForDeflation)
Event: 11482.627 Executing VM operation: HandshakeAllThreads (HandshakeForDeflation) done
Event: 11482.627 Executing VM operation: RendezvousGCThreads
Event: 11482.627 Executing VM operation: RendezvousGCThreads done

Memory protections (0 events):
No events

Nmethod flushes (20 events):
Event: 106.634 Thread 0x0000020d961049d0 flushing  nmethod 0x0000020d9a0d9910
Event: 106.634 Thread 0x0000020d961049d0 flushing  nmethod 0x0000020d9a0da910
Event: 106.634 Thread 0x0000020d961049d0 flushing  nmethod 0x0000020d9a0df290
Event: 106.634 Thread 0x0000020d961049d0 flushing  nmethod 0x0000020d9a0f6910
Event: 106.634 Thread 0x0000020d961049d0 flushing  nmethod 0x0000020d9a0f7090
Event: 106.634 Thread 0x0000020d961049d0 flushing  nmethod 0x0000020d9a104b90
Event: 106.634 Thread 0x0000020d961049d0 flushing  nmethod 0x0000020d9a10b610
Event: 106.634 Thread 0x0000020d961049d0 flushing  nmethod 0x0000020d9a10e390
Event: 106.634 Thread 0x0000020d961049d0 flushing  nmethod 0x0000020d9a115e10
Event: 106.634 Thread 0x0000020d961049d0 flushing  nmethod 0x0000020d9a13cd90
Event: 106.634 Thread 0x0000020d961049d0 flushing  nmethod 0x0000020d9a143210
Event: 106.634 Thread 0x0000020d961049d0 flushing  nmethod 0x0000020d9a143a90
Event: 106.634 Thread 0x0000020d961049d0 flushing  nmethod 0x0000020d9a14f910
Event: 106.634 Thread 0x0000020d961049d0 flushing  nmethod 0x0000020d9a156a90
Event: 106.634 Thread 0x0000020d961049d0 flushing  nmethod 0x0000020d9a15e510
Event: 106.634 Thread 0x0000020d961049d0 flushing  nmethod 0x0000020d9a15f910
Event: 106.634 Thread 0x0000020d961049d0 flushing  nmethod 0x0000020d9a162110
Event: 106.634 Thread 0x0000020d961049d0 flushing  nmethod 0x0000020d9a168d90
Event: 106.634 Thread 0x0000020d961049d0 flushing  nmethod 0x0000020d9a169390
Event: 106.634 Thread 0x0000020d961049d0 flushing  nmethod 0x0000020d9a188490

Events (20 events):
Event: 372.565 Thread 0x0000020df7a55540 Thread exited: 0x0000020df7a55540
Event: 372.565 Thread 0x0000020df7a56f80 Thread exited: 0x0000020df7a56f80
Event: 372.565 Thread 0x0000020df7a596e0 Thread exited: 0x0000020df7a596e0
Event: 372.567 Thread 0x0000020df7a589c0 Thread exited: 0x0000020df7a589c0
Event: 372.625 Thread 0x0000020d96226480 Thread added: 0x0000020dfaf3db80
Event: 373.032 Thread 0x0000020dfaf3db80 Thread exited: 0x0000020dfaf3db80
Event: 375.789 Thread 0x0000020dfa054dc0 Thread exited: 0x0000020dfa054dc0
Event: 414.383 Thread 0x0000020df7a55bd0 Thread exited: 0x0000020df7a55bd0
Event: 435.790 Thread 0x0000020dfa050c20 Thread exited: 0x0000020dfa050c20
Event: 474.449 Thread 0x0000020df7a57610 Thread exited: 0x0000020df7a57610
Event: 495.850 Thread 0x0000020dfa055ae0 Thread exited: 0x0000020dfa055ae0
Event: 534.525 Thread 0x0000020df468aec0 Thread exited: 0x0000020df468aec0
Event: 555.856 Thread 0x0000020dfa053380 Thread exited: 0x0000020dfa053380
Event: 594.602 Thread 0x0000020dfa056170 Thread exited: 0x0000020dfa056170
Event: 615.931 Thread 0x0000020dfa056800 Thread exited: 0x0000020dfa056800
Event: 654.596 Thread 0x0000020df7a58330 Thread exited: 0x0000020df7a58330
Event: 675.931 Thread 0x0000020dfa057bb0 Thread exited: 0x0000020dfa057bb0
Event: 714.549 Thread 0x0000020df7a568f0 Thread exited: 0x0000020df7a568f0
Event: 735.935 Thread 0x0000020dfa051940 Thread exited: 0x0000020dfa051940
Event: 774.618 Thread 0x0000020df468bbe0 Thread exited: 0x0000020df468bbe0


Dynamic libraries:
0x00007ff6d0f50000 - 0x00007ff6d0f5e000 	c:\Users\PMYLS\.vscode\extensions\redhat.java-1.46.0-win32-x64\jre\21.0.8-win32-x86_64\bin\java.exe
0x00007fffec600000 - 0x00007fffec869000 	C:\WINDOWS\SYSTEM32\ntdll.dll
0x00007fffeb490000 - 0x00007fffeb559000 	C:\WINDOWS\System32\KERNEL32.DLL
0x00007fffe9c20000 - 0x00007fffea013000 	C:\WINDOWS\System32\KERNELBASE.dll
0x00007fffe9900000 - 0x00007fffe9a4b000 	C:\WINDOWS\System32\ucrtbase.dll
0x00007fffd2b60000 - 0x00007fffd2b78000 	c:\Users\PMYLS\.vscode\extensions\redhat.java-1.46.0-win32-x64\jre\21.0.8-win32-x86_64\bin\jli.dll
0x00007fffd2b80000 - 0x00007fffd2b9e000 	c:\Users\PMYLS\.vscode\extensions\redhat.java-1.46.0-win32-x64\jre\21.0.8-win32-x86_64\bin\VCRUNTIME140.dll
0x00007fffea9c0000 - 0x00007fffeab84000 	C:\WINDOWS\System32\USER32.dll
0x00007fffcbf20000 - 0x00007fffcc1b3000 	C:\WINDOWS\WinSxS\amd64_microsoft.windows.common-controls_6595b64144ccf1df_6.0.26100.5074_none_3e0d6f78e32fd63f\COMCTL32.dll
0x00007fffea020000 - 0x00007fffea047000 	C:\WINDOWS\System32\win32u.dll
0x00007fffeaf20000 - 0x00007fffeafc9000 	C:\WINDOWS\System32\msvcrt.dll
0x00007fffeafe0000 - 0x00007fffeb00b000 	C:\WINDOWS\System32\GDI32.dll
0x00007fffe9af0000 - 0x00007fffe9c1d000 	C:\WINDOWS\System32\gdi32full.dll
0x00007fffe9850000 - 0x00007fffe98f3000 	C:\WINDOWS\System32\msvcp_win.dll
0x00007fffea530000 - 0x00007fffea55f000 	C:\WINDOWS\System32\IMM32.DLL
0x00007fffd6580000 - 0x00007fffd658c000 	c:\Users\PMYLS\.vscode\extensions\redhat.java-1.46.0-win32-x64\jre\21.0.8-win32-x86_64\bin\vcruntime140_1.dll
0x00007fffad170000 - 0x00007fffad1fd000 	c:\Users\PMYLS\.vscode\extensions\redhat.java-1.46.0-win32-x64\jre\21.0.8-win32-x86_64\bin\msvcp140.dll
0x00007fff36c50000 - 0x00007fff379e7000 	c:\Users\PMYLS\.vscode\extensions\redhat.java-1.46.0-win32-x64\jre\21.0.8-win32-x86_64\bin\server\jvm.dll
0x00007fffec500000 - 0x00007fffec5b4000 	C:\WINDOWS\System32\ADVAPI32.dll
0x00007fffea570000 - 0x00007fffea616000 	C:\WINDOWS\System32\sechost.dll
0x00007fffec300000 - 0x00007fffec418000 	C:\WINDOWS\System32\RPCRT4.dll
0x00007fffeb1b0000 - 0x00007fffeb224000 	C:\WINDOWS\System32\WS2_32.dll
0x00007fffde900000 - 0x00007fffde935000 	C:\WINDOWS\SYSTEM32\WINMM.dll
0x00007fffd2890000 - 0x00007fffd289b000 	C:\WINDOWS\SYSTEM32\VERSION.dll
0x00007fffe95f0000 - 0x00007fffe964e000 	C:\WINDOWS\SYSTEM32\POWRPROF.dll
0x00007fffe95d0000 - 0x00007fffe95e4000 	C:\WINDOWS\SYSTEM32\UMPDC.dll
0x00007fffe8530000 - 0x00007fffe854b000 	C:\WINDOWS\SYSTEM32\kernel.appcore.dll
0x00007fffd5a10000 - 0x00007fffd5a1a000 	c:\Users\PMYLS\.vscode\extensions\redhat.java-1.46.0-win32-x64\jre\21.0.8-win32-x86_64\bin\jimage.dll
0x00007fffe6a30000 - 0x00007fffe6c72000 	C:\WINDOWS\SYSTEM32\DBGHELP.DLL
0x00007fffeaba0000 - 0x00007fffeaf1b000 	C:\WINDOWS\System32\combase.dll
0x00007fffebcb0000 - 0x00007fffebd87000 	C:\WINDOWS\System32\OLEAUT32.dll
0x00007fffcac20000 - 0x00007fffcac5d000 	C:\WINDOWS\SYSTEM32\dbgcore.DLL
0x00007fffe9a50000 - 0x00007fffe9ae9000 	C:\WINDOWS\System32\bcryptPrimitives.dll
0x00007fffd59c0000 - 0x00007fffd59cf000 	c:\Users\PMYLS\.vscode\extensions\redhat.java-1.46.0-win32-x64\jre\21.0.8-win32-x86_64\bin\instrument.dll
0x00007fffd0cf0000 - 0x00007fffd0d0f000 	c:\Users\PMYLS\.vscode\extensions\redhat.java-1.46.0-win32-x64\jre\21.0.8-win32-x86_64\bin\java.dll
0x00007fffeb560000 - 0x00007fffebcad000 	C:\WINDOWS\System32\SHELL32.dll
0x00007fffea1d0000 - 0x00007fffea33c000 	C:\WINDOWS\System32\wintypes.dll
0x00007fffe73b0000 - 0x00007fffe7c09000 	C:\WINDOWS\SYSTEM32\windows.storage.dll
0x00007fffea6e0000 - 0x00007fffea7d0000 	C:\WINDOWS\System32\SHCORE.dll
0x00007fffec480000 - 0x00007fffec4e2000 	C:\WINDOWS\System32\shlwapi.dll
0x00007fffe96b0000 - 0x00007fffe96d9000 	C:\WINDOWS\SYSTEM32\profapi.dll
0x00007fffd28a0000 - 0x00007fffd28b8000 	c:\Users\PMYLS\.vscode\extensions\redhat.java-1.46.0-win32-x64\jre\21.0.8-win32-x86_64\bin\zip.dll
0x00007fffd54c0000 - 0x00007fffd54d0000 	C:\Users\PMYLS\.vscode\extensions\redhat.java-1.46.0-win32-x64\jre\21.0.8-win32-x86_64\bin\net.dll
0x00007fffd9210000 - 0x00007fffd932f000 	C:\WINDOWS\SYSTEM32\WINHTTP.dll
0x00007fffe8a90000 - 0x00007fffe8afb000 	C:\WINDOWS\system32\mswsock.dll
0x00007fffd2640000 - 0x00007fffd2656000 	C:\Users\PMYLS\.vscode\extensions\redhat.java-1.46.0-win32-x64\jre\21.0.8-win32-x86_64\bin\nio.dll
0x00007fffd3460000 - 0x00007fffd3470000 	c:\Users\PMYLS\.vscode\extensions\redhat.java-1.46.0-win32-x64\jre\21.0.8-win32-x86_64\bin\verify.dll
0x00007fffb1300000 - 0x00007fffb1344000 	C:\Users\PMYLS\AppData\Roaming\Code\User\globalStorage\redhat.java\1.46.0\config_win\org.eclipse.equinox.launcher\org.eclipse.equinox.launcher.win32.win32.x86_64_1.2.1400.v20250801-0854\eclipse_11916.dll
0x00007fffeb230000 - 0x00007fffeb3c8000 	C:\WINDOWS\System32\ole32.dll
0x00007fffd2c30000 - 0x00007fffd2c3a000 	C:\Users\PMYLS\.vscode\extensions\redhat.java-1.46.0-win32-x64\jre\21.0.8-win32-x86_64\bin\management.dll
0x00007fffd2c00000 - 0x00007fffd2c0b000 	C:\Users\PMYLS\.vscode\extensions\redhat.java-1.46.0-win32-x64\jre\21.0.8-win32-x86_64\bin\management_ext.dll
0x00007fffeafd0000 - 0x00007fffeafd8000 	C:\WINDOWS\System32\PSAPI.DLL
0x00007fffe8de0000 - 0x00007fffe8dfb000 	C:\WINDOWS\SYSTEM32\CRYPTSP.dll
0x00007fffe8490000 - 0x00007fffe84cb000 	C:\WINDOWS\system32\rsaenh.dll
0x00007fffe8b30000 - 0x00007fffe8b5b000 	C:\WINDOWS\SYSTEM32\USERENV.dll
0x00007fffe9680000 - 0x00007fffe96a6000 	C:\WINDOWS\SYSTEM32\bcrypt.dll
0x00007fffe8dc0000 - 0x00007fffe8dcc000 	C:\WINDOWS\SYSTEM32\CRYPTBASE.dll
0x00007fffe7f30000 - 0x00007fffe7f64000 	C:\WINDOWS\SYSTEM32\IPHLPAPI.DLL
0x00007fffebd90000 - 0x00007fffebd9a000 	C:\WINDOWS\System32\NSI.dll
0x00007fffae4e0000 - 0x00007fffae529000 	C:\Users\PMYLS\AppData\Local\Temp\jna-76263555\jna7449481010426735203.dll
0x00007fffe0460000 - 0x00007fffe047e000 	C:\WINDOWS\SYSTEM32\dhcpcsvc6.DLL
0x00007fffe0270000 - 0x00007fffe0293000 	C:\WINDOWS\SYSTEM32\dhcpcsvc.DLL
0x00007fffd24e0000 - 0x00007fffd24ee000 	C:\Users\PMYLS\.vscode\extensions\redhat.java-1.46.0-win32-x64\jre\21.0.8-win32-x86_64\bin\sunmscapi.dll
0x00007fffea050000 - 0x00007fffea1c7000 	C:\WINDOWS\System32\CRYPT32.dll
0x00007fffe8f30000 - 0x00007fffe8f60000 	C:\WINDOWS\SYSTEM32\ncrypt.dll
0x00007fffe8ee0000 - 0x00007fffe8f1f000 	C:\WINDOWS\SYSTEM32\NTASN1.dll
0x00007fffe7f70000 - 0x00007fffe8096000 	C:\WINDOWS\SYSTEM32\DNSAPI.dll
0x00007fffde360000 - 0x00007fffde36b000 	C:\Windows\System32\rasadhlp.dll
0x00007fffe0b70000 - 0x00007fffe0bf6000 	C:\WINDOWS\System32\fwpuclnt.dll
0x00007fffd0da0000 - 0x00007fffd0da9000 	C:\Users\PMYLS\.vscode\extensions\redhat.java-1.46.0-win32-x64\jre\21.0.8-win32-x86_64\bin\extnet.dll
0x00007fffc2ec0000 - 0x00007fffc2ee7000 	C:\Users\PMYLS\.gradle\native\1def1411415f61bf3af743bc5b6707747c0891f09f0c88961ee8f79bc544acac\windows-amd64\native-platform.dll
0x00007fffafe10000 - 0x00007fffafe18000 	C:\WINDOWS\system32\wshunix.dll

JVMTI agents:
c:\Users\PMYLS\.vscode\extensions\redhat.java-1.46.0-win32-x64\lombok\lombok-1.18.39-4050.jar path:c:\Users\PMYLS\.vscode\extensions\redhat.java-1.46.0-win32-x64\jre\21.0.8-win32-x86_64\bin\instrument.dll, loaded, initialized, instrumentlib options:none

dbghelp: loaded successfully - version: 4.0.5 - missing functions: none
symbol engine: initialized successfully - sym options: 0x614 - pdb path: .;c:\Users\PMYLS\.vscode\extensions\redhat.java-1.46.0-win32-x64\jre\21.0.8-win32-x86_64\bin;C:\WINDOWS\SYSTEM32;C:\WINDOWS\WinSxS\amd64_microsoft.windows.common-controls_6595b64144ccf1df_6.0.26100.5074_none_3e0d6f78e32fd63f;c:\Users\PMYLS\.vscode\extensions\redhat.java-1.46.0-win32-x64\jre\21.0.8-win32-x86_64\bin\server;C:\Users\PMYLS\AppData\Roaming\Code\User\globalStorage\redhat.java\1.46.0\config_win\org.eclipse.equinox.launcher\org.eclipse.equinox.launcher.win32.win32.x86_64_1.2.1400.v20250801-0854;C:\Users\PMYLS\AppData\Local\Temp\jna-76263555;C:\Users\PMYLS\.gradle\native\1def1411415f61bf3af743bc5b6707747c0891f09f0c88961ee8f79bc544acac\windows-amd64

VM Arguments:
jvm_args: --add-modules=ALL-SYSTEM --add-opens=java.base/java.util=ALL-UNNAMED --add-opens=java.base/java.lang=ALL-UNNAMED --add-opens=java.base/sun.nio.fs=ALL-UNNAMED -Declipse.application=org.eclipse.jdt.ls.core.id1 -Dosgi.bundles.defaultStartLevel=4 -Declipse.product=org.eclipse.jdt.ls.core.product -Djava.import.generatesMetadataFilesAtProjectRoot=false -DDetectVMInstallationsJob.disabled=true -Dfile.encoding=utf8 -XX:+UseParallelGC -XX:GCTimeRatio=4 -XX:AdaptiveSizePolicyWeight=90 -Dsun.zip.disableMemoryMapping=true -Xmx2G -Xms100m -Xlog:disable -javaagent:c:\Users\PMYLS\.vscode\extensions\redhat.java-1.46.0-win32-x64\lombok\lombok-1.18.39-4050.jar -XX:+HeapDumpOnOutOfMemoryError -XX:HeapDumpPath=c:\Users\PMYLS\AppData\Roaming\Code\User\workspaceStorage\b868852f8d004232b4cfe3b3a1930667\redhat.java -Daether.dependencyCollector.impl=bf 
java_command: c:\Users\PMYLS\.vscode\extensions\redhat.java-1.46.0-win32-x64\server\plugins\org.eclipse.equinox.launcher_1.7.0.v20250519-0528.jar -configuration c:\Users\PMYLS\AppData\Roaming\Code\User\globalStorage\redhat.java\1.46.0\config_win -data c:\Users\PMYLS\AppData\Roaming\Code\User\workspaceStorage\b868852f8d004232b4cfe3b3a1930667\redhat.java\jdt_ws --pipe=\\.\pipe\lsp-f77d8da5cef1e703dad42b1773f78835-sock
java_class_path (initial): c:\Users\PMYLS\.vscode\extensions\redhat.java-1.46.0-win32-x64\server\plugins\org.eclipse.equinox.launcher_1.7.0.v20250519-0528.jar
Launcher Type: SUN_STANDARD

[Global flags]
    uintx AdaptiveSizePolicyWeight                 = 90                                        {product} {command line}
     intx CICompilerCount                          = 4                                         {product} {ergonomic}
    uintx GCTimeRatio                              = 4                                         {product} {command line}
     bool HeapDumpOnOutOfMemoryError               = true                                   {manageable} {command line}
    ccstr HeapDumpPath                             = c:\Users\PMYLS\AppData\Roaming\Code\User\workspaceStorage\b868852f8d004232b4cfe3b3a1930667\redhat.java         {manageable} {command line}
   size_t InitialHeapSize                          = 104857600                                 {product} {command line}
   size_t MaxHeapSize                              = 2147483648                                {product} {command line}
   size_t MaxNewSize                               = 715653120                                 {product} {ergonomic}
   size_t MinHeapDeltaBytes                        = 524288                                    {product} {ergonomic}
   size_t MinHeapSize                              = 104857600                                 {product} {command line}
   size_t NewSize                                  = 34603008                                  {product} {ergonomic}
    uintx NonNMethodCodeHeapSize                   = 5839372                                {pd product} {ergonomic}
    uintx NonProfiledCodeHeapSize                  = 122909434                              {pd product} {ergonomic}
   size_t OldSize                                  = 70254592                                  {product} {ergonomic}
    uintx ProfiledCodeHeapSize                     = 122909434                              {pd product} {ergonomic}
    uintx ReservedCodeCacheSize                    = 251658240                              {pd product} {ergonomic}
     bool SegmentedCodeCache                       = true                                      {product} {ergonomic}
   size_t SoftMaxHeapSize                          = 2147483648                             {manageable} {ergonomic}
     bool UseCompressedOops                        = true                           {product lp64_product} {ergonomic}
     bool UseLargePagesIndividualAllocation        = false                                  {pd product} {ergonomic}
     bool UseParallelGC                            = true                                      {product} {command line}

Logging:
Log output configuration:
 #0: stdout all=off uptime,level,tags foldmultilines=false
 #1: stderr all=off uptime,level,tags foldmultilines=false

Environment Variables:
JAVA_HOME=C:\Program Files\Java\jdk-17
PATH=C:\Python312\Scripts\;C:\Python312\;C:\Program Files\Common Files\Oracle\Java\javapath;C:\Program Files (x86)\Common Files\Oracle\Java\java8path;C:\Program Files (x86)\Common Files\Oracle\Java\javapath;C:\WINDOWS\system32;C:\WINDOWS;C:\WINDOWS\System32\Wbem;C:\WINDOWS\System32\WindowsPowerShell\v1.0\;C:\WINDOWS\System32\OpenSSH\;C:\ProgramData\chocolatey\bin;C:\Program Files\Java\jdk-17\bin;C:\Program Files\dotnet\;C:\MinGW\bin;C:\Program Files (x86)\GnuWin32\bin;C:\Program Files\NASM;C:\MinGW\msys\1.0\bin;C:\Program Files\nodejs\;D:\Flutter\flutter_windows_3.32.7-stable\flutter\bin;C:\Program Files\Git\cmd;D:\Android-SDK\Sdk\tools;C:\Users\PMYLS\AppData\Local\Microsoft\WindowsApps;C:\Users\PMYLS\AppData\Local\Programs\Microsoft VS Code\bin;C:\Program Files\Java\jdk-17\bin;C:\MinGW\bin;C:\Program Files (x86)\GnuWin32\bin;C:\Program Files\NASM;C:\MinGW\msys\1.0\bin;C:\Users\PMYLS\AppData\Roaming\npm;C:\Users\PMYLS\AppData\Local\GitHubDesktop\bin;C:\Users\PMYLS\AppData\Local\Programs\cursor\resources\app\bin;D:\Flutter\flutter_windows_3.32.7-stable\flutter\bin;D:\Android-SDK\Sdk\licenses;D:\Android-SDK\Sdk\emulator;D:\Android-SDK\Sdk\cmdline-tools\bin;D:\Android-SDK\Sdk\platform-tools;D:\Android-SDK\Sdk\platforms;D:\Android-SDK\Sdk\ndk\;
USERNAME=PMYLS
OS=Windows_NT
PROCESSOR_IDENTIFIER=Intel64 Family 6 Model 154 Stepping 4, GenuineIntel
TMP=C:\Users\PMYLS\AppData\Local\Temp
TEMP=C:\Users\PMYLS\AppData\Local\Temp




Periodic native trim disabled

---------------  S Y S T E M  ---------------

OS:
 Windows 11 , 64 bit Build 26100 (10.0.26100.5074)
OS uptime: 2 days 17:57 hours
Hyper-V role detected

CPU: total 12 (initial active 12) (6 cores per cpu, 2 threads per core) family 6 model 154 stepping 4 microcode 0x424, cx8, cmov, fxsr, ht, mmx, 3dnowpref, sse, sse2, sse3, ssse3, sse4.1, sse4.2, popcnt, lzcnt, tsc, tscinvbit, avx, avx2, aes, erms, clmul, bmi1, bmi2, adx, sha, fma, vzeroupper, clflush, clflushopt, clwb, hv, serialize, rdtscp, rdpid, fsrm, f16c, cet_ibt, cet_ss
Processor Information for processor 0
  Max Mhz: 1300, Current Mhz: 1300, Mhz Limit: 1300
Processor Information for processor 1
  Max Mhz: 1300, Current Mhz: 1300, Mhz Limit: 1300
Processor Information for processor 2
  Max Mhz: 1300, Current Mhz: 1300, Mhz Limit: 1300
Processor Information for processor 3
  Max Mhz: 1300, Current Mhz: 1300, Mhz Limit: 1300
Processor Information for processor 4
  Max Mhz: 900, Current Mhz: 900, Mhz Limit: 900
Processor Information for processor 5
  Max Mhz: 900, Current Mhz: 900, Mhz Limit: 900
Processor Information for processor 6
  Max Mhz: 900, Current Mhz: 900, Mhz Limit: 900
Processor Information for processor 7
  Max Mhz: 900, Current Mhz: 900, Mhz Limit: 900
Processor Information for processor 8
  Max Mhz: 900, Current Mhz: 900, Mhz Limit: 900
Processor Information for processor 9
  Max Mhz: 900, Current Mhz: 900, Mhz Limit: 900
Processor Information for processor 10
  Max Mhz: 900, Current Mhz: 900, Mhz Limit: 900
Processor Information for processor 11
  Max Mhz: 900, Current Mhz: 900, Mhz Limit: 900

Memory: 4k page, system-wide physical 7916M (1034M free)
TotalPageFile size 29483M (AvailPageFile size 0M)
current process WorkingSet (physical memory assigned to process): 10M, peak: 1726M
current process commit charge ("private bytes"): 1062M, peak: 1753M

vm_info: OpenJDK 64-Bit Server VM (21.0.8+9-LTS) for windows-amd64 JRE (21.0.8+9-LTS), built on 2025-07-15T00:00:00Z by "admin" with MS VC++ 17.7 (VS2022)

END.
